2024-09-17 22:38:04 [UserID: ] INFO  Task_07_HometaskLoggers.Test - This is an INFO message
2024-09-17 22:38:04 [UserID: ] WARN  Task_07_HometaskLoggers.Test - This is a WARN message
2024-09-17 22:38:04 [UserID: ] ERROR Task_07_HometaskLoggers.Test - This is an ERROR message
2024-09-17 22:38:04 [UserID: ] FATAL Task_07_HometaskLoggers.Test - This is a FATAL message
2024-09-17 22:40:33 [UserID: ] DEBUG Task_07_HometaskLoggers.Test - This is a DEBUG message
2024-09-17 22:40:33 [UserID: ] INFO  Task_07_HometaskLoggers.Test - This is an INFO message
2024-09-17 22:40:33 [UserID: ] WARN  Task_07_HometaskLoggers.Test - This is a WARN message
2024-09-17 22:40:33 [UserID: ] ERROR Task_07_HometaskLoggers.Test - This is an ERROR message
2024-09-17 22:40:33 [UserID: ] FATAL Task_07_HometaskLoggers.Test - This is a FATAL message
2024-09-17 22:41:02 [UserID: ] DEBUG Task_07_HometaskLoggers.Test - This is a DEBUG message
2024-09-17 22:41:02 [UserID: ] INFO  Task_07_HometaskLoggers.Test - This is an INFO message
2024-09-17 22:41:02 [UserID: ] WARN  Task_07_HometaskLoggers.Test - This is a WARN message
2024-09-17 22:41:02 [UserID: ] ERROR Task_07_HometaskLoggers.Test - This is an ERROR message
2024-09-17 22:41:02 [UserID: ] FATAL Task_07_HometaskLoggers.Test - This is a FATAL message
2024-09-17 22:41:18 [UserID: ] DEBUG Task_07_HometaskLoggers.Test - This is a DEBUG message
2024-09-17 22:41:18 [UserID: ] INFO  Task_07_HometaskLoggers.Test - This is an INFO message
2024-09-17 22:41:18 [UserID: ] WARN  Task_07_HometaskLoggers.Test - This is a WARN message
2024-09-17 22:41:18 [UserID: ] ERROR Task_07_HometaskLoggers.Test - This is an ERROR message
2024-09-17 22:41:18 [UserID: ] FATAL Task_07_HometaskLoggers.Test - This is a FATAL message
2024-09-17 22:46:49 [UserID: ] INFO  Task_07_HometaskLoggers.SimpleLoggerExample1 - This is an info message.
2024-09-17 22:46:49 [UserID: ] DEBUG Task_07_HometaskLoggers.SimpleLoggerExample1 - This is a debug message.
2024-09-17 22:46:49 [UserID: ] ERROR Task_07_HometaskLoggers.SimpleLoggerExample1 - This is an error message.
2024-09-17 22:46:49 [UserID: ] ERROR Task_07_HometaskLoggers.SimpleLoggerExample1 - Error occurred: Division by zero
java.lang.ArithmeticException: / by zero
	at Task_07_HometaskLoggers.SimpleLoggerExample1.performCalculation(SimpleLoggerExample1.java:20) [classes/:?]
	at Task_07_HometaskLoggers.SimpleLoggerExample1.main(SimpleLoggerExample1.java:15) [classes/:?]
2024-09-17 22:47:38 [UserID: ] TRACE Task_07_HometaskLoggers.LoggingLevelsExample2 - This is a TRACE level message.
2024-09-17 22:47:38 [UserID: ] DEBUG Task_07_HometaskLoggers.LoggingLevelsExample2 - This is a DEBUG level message.
2024-09-17 22:47:38 [UserID: ] INFO  Task_07_HometaskLoggers.LoggingLevelsExample2 - This is an INFO level message.
2024-09-17 22:47:38 [UserID: ] WARN  Task_07_HometaskLoggers.LoggingLevelsExample2 - This is a WARN level message.
2024-09-17 22:47:38 [UserID: ] ERROR Task_07_HometaskLoggers.LoggingLevelsExample2 - This is an ERROR level message.
2024-09-17 22:47:38 [UserID: ] FATAL Task_07_HometaskLoggers.LoggingLevelsExample2 - This is a FATAL level message.
2024-09-17 22:47:38 [UserID: ] DEBUG Task_07_HometaskLoggers.LoggingLevelsExample2 - Performing operation: 10 / 5
2024-09-17 22:47:38 [UserID: ] INFO  Task_07_HometaskLoggers.LoggingLevelsExample2 - Result of operation: 2
2024-09-17 22:47:38 [UserID: ] DEBUG Task_07_HometaskLoggers.LoggingLevelsExample2 - Performing operation: 10 / 0
2024-09-17 22:47:38 [UserID: ] ERROR Task_07_HometaskLoggers.LoggingLevelsExample2 - Error occurred: Division by zero
java.lang.ArithmeticException: / by zero
	at Task_07_HometaskLoggers.LoggingLevelsExample2.performOperation(LoggingLevelsExample2.java:25) [classes/:?]
	at Task_07_HometaskLoggers.LoggingLevelsExample2.main(LoggingLevelsExample2.java:19) [classes/:?]
2024-09-17 22:48:07 [UserID: User1] INFO  Task_07_HometaskLoggers.UserSpecificLogging - Starting the process.
2024-09-17 22:48:07 [UserID: User1] INFO  Task_07_HometaskLoggers.UserSpecificLogging - Performing action: Login
2024-09-17 22:48:07 [UserID: User1] INFO  Task_07_HometaskLoggers.UserSpecificLogging - Performing action: Update profile
2024-09-17 22:48:07 [UserID: User1] WARN  Task_07_HometaskLoggers.UserSpecificLogging - Profile update took longer than expected.
2024-09-17 22:48:07 [UserID: User2] INFO  Task_07_HometaskLoggers.UserSpecificLogging - Starting another process.
2024-09-17 22:48:07 [UserID: User2] INFO  Task_07_HometaskLoggers.UserSpecificLogging - Performing action: Add new product
2024-09-17 22:48:07 [UserID: ] INFO  Task_07_HometaskLoggers.UserSpecificLogging - Application finished.
2024-09-19 10:36:26 [UserID: ] DEBUG Task_07_HometaskLoggers.Test - This is a DEBUG message
2024-09-19 10:36:26 [UserID: ] INFO  Task_07_HometaskLoggers.Test - This is an INFO message
2024-09-19 10:36:26 [UserID: ] WARN  Task_07_HometaskLoggers.Test - This is a WARN message
2024-09-19 10:36:26 [UserID: ] ERROR Task_07_HometaskLoggers.Test - This is an ERROR message
2024-09-19 10:36:26 [UserID: ] FATAL Task_07_HometaskLoggers.Test - This is a FATAL message
2024-09-19 10:37:55 [UserID: ] DEBUG Task_07_HometaskLoggers.Test - This is a DEBUG message
2024-09-19 10:37:55 [UserID: ] INFO  Task_07_HometaskLoggers.Test - This is an INFO message
2024-09-19 10:37:55 [UserID: ] WARN  Task_07_HometaskLoggers.Test - This is a WARN message
2024-09-19 10:37:55 [UserID: ] ERROR Task_07_HometaskLoggers.Test - This is an ERROR message
2024-09-19 10:37:55 [UserID: ] FATAL Task_07_HometaskLoggers.Test - This is a FATAL message
